<?xml version="1.0" encoding="UTF-8"?>
<!-- Generated by org.testng.reporters.JUnitXMLReporter -->
<testsuite ignored="0" hostname="Dell-PC" failures="0" tests="6" name="Test" time="0.119" errors="0" timestamp="2023-06-09T16:46:49 IST">
  <testcase classname="Automation.TestNgJenkinsPipeProject.Test1" name="smokeTest1" time="0.01"/>
  <testcase classname="Automation.TestNgJenkinsPipeProject.Test1" name="smokeTest2" time="0.001"/>
  <testcase classname="Automation.TestNgJenkinsPipeProject.Test2" name="functionalTest2" time="0.001"/>
  <testcase classname="Automation.TestNgJenkinsPipeProject.Test2" name="performanceTest" time="0.001"/>
  <testcase classname="Automation.TestNgJenkinsPipeProject.Test2" name="regressionTest1" time="0.001"/>
  <testcase classname="Automation.TestNgJenkinsPipeProject.Test2" name="sanityTest" time="0.001"/>
</testsuite> <!-- Test -->
