<?xml version="1.0" encoding="UTF-8"?>
<!-- Generated by org.testng.reporters.JUnitXMLReporter -->
<testsuite ignored="2" hostname="Dell-PC" failures="0" tests="0" time="0.028" errors="0" timestamp="2023-05-24T16:34:20 IST">
  <testcase classname="Automation.TestNgJenkinsPipeProject.Test1" name="smokeTest1" time="0.0">
    <ignored/>
  </testcase> <!-- smokeTest1 -->
  <testcase classname="Automation.TestNgJenkinsPipeProject.Test1" name="smokeTest2" time="0.0">
    <ignored/>
  </testcase> <!-- smokeTest2 -->
</testsuite>
