<?xml version="1.0" encoding="UTF-8"?>
<testng-results ignored="0" total="2" passed="2" failed="0" skipped="0">
  <reporter-output>
  </reporter-output>
  <suite started-at="2023-05-12T15:15:25 IST" name="Suite" finished-at="2023-05-12T15:15:25 IST" duration-ms="80">
    <groups>
    </groups>
    <test started-at="2023-05-12T15:15:25 IST" name="Test" finished-at="2023-05-12T15:15:25 IST" duration-ms="80">
      <class name="Automation.TestNgJenkinsPipeProject.Test1">
        <test-method signature="smokeTest1()[pri:0, instance:Automation.TestNgJenkinsPipeProject.Test1@36916eb0]" started-at="2023-05-12T15:15:25 IST" name="smokeTest1" finished-at="2023-05-12T15:15:25 IST" duration-ms="8" status="PASS">
          <reporter-output>
          </reporter-output>
        </test-method> <!-- smokeTest1 -->
        <test-method signature="smokeTest2()[pri:0, instance:Automation.TestNgJenkinsPipeProject.Test1@36916eb0]" started-at="2023-05-12T15:15:25 IST" name="smokeTest2" finished-at="2023-05-12T15:15:25 IST" duration-ms="1" status="PASS">
          <reporter-output>
          </reporter-output>
        </test-method> <!-- smokeTest2 -->
      </class> <!-- Automation.TestNgJenkinsPipeProject.Test1 -->
    </test> <!-- Test -->
  </suite> <!-- Suite -->
</testng-results>
